#
# There is insufficient memory for the Java Runtime Environment to continue.
# Native memory allocation (malloc) failed to allocate 1168176 bytes for Chunk::new
# Possible reasons:
#   The system is out of physical RAM or swap space
#   In 32 bit mode, the process size limit was hit
# Possible solutions:
#   Reduce memory load on the system
#   Increase physical memory or swap space
#   Check if swap backing store is full
#   Use 64 bit Java on a 64 bit OS
#   Decrease Java heap size (-Xmx/-Xms)
#   Decrease number of Java threads
#   Decrease Java thread stack sizes (-Xss)
#   Set larger code cache with -XX:ReservedCodeCacheSize=
# This output file may be truncated or incomplete.
#
#  Out of Memory Error (allocation.cpp:390), pid=2264, tid=212
#
# JRE version: Java(TM) SE Runtime Environment (8.0_31-b13) (build 1.8.0_31-b13)
# Java VM: Java HotSpot(TM) 64-Bit Server VM (25.31-b07 mixed mode windows-amd64 compressed oops)
# Failed to write core dump. Minidumps are not enabled by default on client versions of Windows
#

---------------  T H R E A D  ---------------

Current thread (0x000000000582c800):  JavaThread "C2 CompilerThread0" daemon [_thread_in_native, id=212, stack(0x0000000006d90000,0x0000000006e90000)]

Stack: [0x0000000006d90000,0x0000000006e90000]
Native frames: (J=compiled Java code, j=interpreted, Vv=VM code, C=native code)
V  [jvm.dll+0x3169ba]
V  [jvm.dll+0x2674c3]
V  [jvm.dll+0x268103]
V  [jvm.dll+0x25f8f5]
V  [jvm.dll+0xbf025]
V  [jvm.dll+0xbf4cc]
V  [jvm.dll+0x45df82]
V  [jvm.dll+0x49f21f]
V  [jvm.dll+0x452f28]
V  [jvm.dll+0x454124]
V  [jvm.dll+0x437c62]
V  [jvm.dll+0x988e2]
V  [jvm.dll+0x990d3]
V  [jvm.dll+0x22c194]
V  [jvm.dll+0x28576a]
C  [msvcr100.dll+0x21d9f]
C  [msvcr100.dll+0x21e3b]
C  [KERNEL32.DLL+0x13d2]
C  [ntdll.dll+0x15444]


Current CompileTask:
C2:  33153 1425   !   4       com.android.dx.cf.code.RopperMachine::run (1550 bytes)


---------------  P R O C E S S  ---------------

Java Threads: ( => current thread )
  0x0000000005887800 JavaThread "Service Thread" daemon [_thread_blocked, id=7628, stack(0x0000000007490000,0x0000000007590000)]
  0x0000000005836000 JavaThread "C1 CompilerThread2" daemon [_thread_in_vm, id=2412, stack(0x0000000006f90000,0x0000000007090000)]
  0x000000000582f800 JavaThread "C2 CompilerThread1" daemon [_thread_in_native, id=7756, stack(0x0000000006e90000,0x0000000006f90000)]
=>0x000000000582c800 JavaThread "C2 CompilerThread0" daemon [_thread_in_native, id=212, stack(0x0000000006d90000,0x0000000006e90000)]
  0x000000000582b000 JavaThread "Attach Listener" daemon [_thread_blocked, id=3020, stack(0x0000000006c90000,0x0000000006d90000)]
  0x0000000005829800 JavaThread "Signal Dispatcher" daemon [_thread_blocked, id=5512, stack(0x0000000006b90000,0x0000000006c90000)]
  0x0000000002155800 JavaThread "Finalizer" daemon [_thread_blocked, id=6920, stack(0x0000000006a90000,0x0000000006b90000)]
  0x00000000057f8800 JavaThread "Reference Handler" daemon [_thread_blocked, id=3104, stack(0x0000000006990000,0x0000000006a90000)]
  0x0000000001edd800 JavaThread "main" [_thread_blocked, id=2232, stack(0x0000000001f60000,0x0000000002060000)]

Other Threads:
  0x00000000057f6800 VMThread [stack: 0x0000000006890000,0x0000000006990000] [id=2780]
  0x000000000588d000 WatcherThread [stack: 0x0000000007590000,0x0000000007690000] [id=1044]

VM state:not at safepoint (normal execution)

VM Mutex/Monitor currently owned by a thread:  ([mutex/lock_event])
[0x0000000001edbc20] CodeCache_lock - owner thread: 0x0000000005836000
[0x0000000002061850] Compile_lock - owner thread: 0x0000000005836000
[0x0000000002061650] MethodCompileQueue_lock - owner thread: 0x0000000005836000

Heap:
 PSYoungGen      total 18432K, used 7642K [0x00000000eab00000, 0x00000000ebf80000, 0x0000000100000000)
  eden space 15872K, 32% used [0x00000000eab00000,0x00000000eaff6ae0,0x00000000eba80000)
  from space 2560K, 100% used [0x00000000ebd00000,0x00000000ebf80000,0x00000000ebf80000)
  to   space 2560K, 0% used [0x00000000eba80000,0x00000000eba80000,0x00000000ebd00000)
 ParOldGen       total 42496K, used 24907K [0x00000000c0000000, 0x00000000c2980000, 0x00000000eab00000)
  object space 42496K, 58% used [0x00000000c0000000,0x00000000c1852ed8,0x00000000c2980000)
 Metaspace       used 5881K, capacity 7088K, committed 7296K, reserved 1056768K
  class space    used 553K, capacity 616K, committed 640K, reserved 1048576K

Card table byte_map: [0x0000000002520000,0x0000000002730000] byte_map_base: 0x0000000001f20000

Marking Bits: (ParMarkBitMap*) 0x000000006580d4f0
 Begin Bits: [0x0000000002c90000, 0x0000000003c90000)
 End Bits:   [0x0000000003c90000, 0x0000000004c90000)

Polling page: 0x0000000001e30000

CodeCache: size=245760Kb used=7134Kb max_used=7134Kb free=238625Kb
 bounds [0x000000000f010000, 0x000000000f710000, 0x000000001e010000]
 total_blobs=1931 nmethods=1670 adapters=174
 compilation: enabled

Compilation events (10 events):
Event: 9.433 Thread 0x0000000005836000 1472       3       com.android.dx.rop.code.RegisterSpecSet::get (9 bytes)
Event: 9.434 Thread 0x0000000005836000 nmethod 1472 0x000000000f61aad0 code [0x000000000f61ac40, 0x000000000f61afe8]
Event: 9.461 Thread 0x0000000005836000 1474       3       com.android.dx.cf.code.OneLocalsArray::set (10 bytes)
Event: 9.462 Thread 0x0000000005836000 nmethod 1474 0x000000000f60c590 code [0x000000000f60c700, 0x000000000f60c948]
Event: 9.462 Thread 0x0000000005836000 1475       3       com.android.dx.rop.code.RegisterSpec::getFrameType (10 bytes)
Event: 9.462 Thread 0x0000000005836000 nmethod 1475 0x000000000f626c90 code [0x000000000f626e00, 0x000000000f627028]
Event: 9.497 Thread 0x0000000005836000 1476       3       com.android.dx.dex.file.CodeItem::<init> (81 bytes)
Event: 9.498 Thread 0x0000000005836000 nmethod 1476 0x000000000f626490 code [0x000000000f626640, 0x000000000f626af8]
Event: 9.499 Thread 0x0000000005836000 1478   !   3       com.android.dx.rop.code.RegisterSpecSet::remove (30 bytes)
Event: 9.499 Thread 0x0000000005836000 nmethod 1478 0x000000000f625c90 code [0x000000000f625e20, 0x000000000f626248]

GC Heap History (4 events):
Event: 6.360 GC heap before
{Heap before GC invocations=1 (full 0):
 PSYoungGen      total 18432K, used 15872K [0x00000000eab00000, 0x00000000ebf80000, 0x0000000100000000)
  eden space 15872K, 100% used [0x00000000eab00000,0x00000000eba80000,0x00000000eba80000)
  from space 2560K, 0% used [0x00000000ebd00000,0x00000000ebd00000,0x00000000ebf80000)
  to   space 2560K, 0% used [0x00000000eba80000,0x00000000eba80000,0x00000000ebd00000)
 ParOldGen       total 42496K, used 0K [0x00000000c0000000, 0x00000000c2980000, 0x00000000eab00000)
  object space 42496K, 0% used [0x00000000c0000000,0x00000000c0000000,0x00000000c2980000)
 Metaspace       used 5523K, capacity 6768K, committed 7040K, reserved 1056768K
  class space    used 549K, capacity 616K, committed 640K, reserved 1048576K
Event: 6.368 GC heap after
Heap after GC invocations=1 (full 0):
 PSYoungGen      total 18432K, used 2538K [0x00000000eab00000, 0x00000000ebf80000, 0x0000000100000000)
  eden space 15872K, 0% used [0x00000000eab00000,0x00000000eab00000,0x00000000eba80000)
  from space 2560K, 99% used [0x00000000eba80000,0x00000000ebcfaaa8,0x00000000ebd00000)
  to   space 2560K, 0% used [0x00000000ebd00000,0x00000000ebd00000,0x00000000ebf80000)
 ParOldGen       total 42496K, used 1606K [0x00000000c0000000, 0x00000000c2980000, 0x00000000eab00000)
  object space 42496K, 3% used [0x00000000c0000000,0x00000000c0191990,0x00000000c2980000)
 Metaspace       used 5523K, capacity 6768K, committed 7040K, reserved 1056768K
  class space    used 549K, capacity 616K, committed 640K, reserved 1048576K
}
Event: 8.382 GC heap before
{Heap before GC invocations=2 (full 0):
 PSYoungGen      total 18432K, used 18410K [0x00000000eab00000, 0x00000000ebf80000, 0x0000000100000000)
  eden space 15872K, 100% used [0x00000000eab00000,0x00000000eba80000,0x00000000eba80000)
  from space 2560K, 99% used [0x00000000eba80000,0x00000000ebcfaaa8,0x00000000ebd00000)
  to   space 2560K, 0% used [0x00000000ebd00000,0x00000000ebd00000,0x00000000ebf80000)
 ParOldGen       total 42496K, used 1606K [0x00000000c0000000, 0x00000000c2980000, 0x00000000eab00000)
  object space 42496K, 3% used [0x00000000c0000000,0x00000000c0191990,0x00000000c2980000)
 Metaspace       used 5767K, capacity 7024K, committed 7296K, reserved 1056768K
  class space    used 552K, capacity 616K, committed 640K, reserved 1048576K
Event: 8.424 GC heap after
Heap after GC invocations=2 (full 0):
 PSYoungGen      total 18432K, used 2558K [0x00000000eab00000, 0x00000000ebf80000, 0x0000000100000000)
  eden space 15872K, 0% used [0x00000000eab00000,0x00000000eab00000,0x00000000eba80000)
  from space 2560K, 99% used [0x00000000ebd00000,0x00000000ebf7f800,0x00000000ebf80000)
  to   space 2560K, 0% used [0x00000000eba80000,0x00000000eba80000,0x00000000ebd00000)
 ParOldGen       total 42496K, used 4287K [0x00000000c0000000, 0x00000000c2980000, 0x00000000eab00000)
  object space 42496K, 10% used [0x00000000c0000000,0x00000000c042fed0,0x00000000c2980000)
 Metaspace       used 5767K, capacity 7024K, committed 7296K, reserved 1056768K
  class space    used 552K, capacity 616K, committed 640K, reserved 1048576K
}

Deoptimization events (10 events):
Event: 7.924 Thread 0x0000000001edd800 Uncommon trap: reason=bimorphic action=maybe_recompile pc=0x000000000f298fe8 method=java.util.HashMap.getNode(ILjava/lang/Object;)Ljava/util/HashMap$Node; @ 126
Event: 7.924 Thread 0x0000000001edd800 Uncommon trap: reason=unreached action=reinterpret pc=0x000000000f44ff5c method=com.android.dx.rop.cst.Constant.compareTo(Lcom/android/dx/rop/cst/Constant;)I @ 12
Event: 7.924 Thread 0x0000000001edd800 Uncommon trap: reason=bimorphic action=maybe_recompile pc=0x000000000f249150 method=java.util.HashMap.getNode(ILjava/lang/Object;)Ljava/util/HashMap$Node; @ 126
Event: 8.265 Thread 0x0000000001edd800 Uncommon trap: reason=null_check action=make_not_entrant pc=0x000000000f41d0f8 method=com.android.dx.ssa.SsaRenamer.getLocalForNewReg(I)Lcom/android/dx/rop/code/LocalItem; @ 19
Event: 8.330 Thread 0x0000000001edd800 Uncommon trap: reason=bimorphic action=maybe_recompile pc=0x000000000f53548c method=java.util.HashMap.putVal(ILjava/lang/Object;Ljava/lang/Object;ZZ)Ljava/lang/Object; @ 91
Event: 8.330 Thread 0x0000000001edd800 Uncommon trap: reason=bimorphic action=maybe_recompile pc=0x000000000f53548c method=java.util.HashMap.putVal(ILjava/lang/Object;Ljava/lang/Object;ZZ)Ljava/lang/Object; @ 91
Event: 9.043 Thread 0x0000000001edd800 Uncommon trap: reason=class_check action=maybe_recompile pc=0x000000000f5af150 method=com.android.dx.rop.code.RegisterSpec.withSimpleType()Lcom/android/dx/rop/code/RegisterSpec; @ 21
Event: 9.043 Thread 0x0000000001edd800 Uncommon trap: reason=class_check action=maybe_recompile pc=0x000000000f5af150 method=com.android.dx.rop.code.RegisterSpec.withSimpleType()Lcom/android/dx/rop/code/RegisterSpec; @ 21
Event: 9.371 Thread 0x0000000001edd800 Uncommon trap: reason=class_check action=maybe_recompile pc=0x000000000f5af150 method=com.android.dx.rop.code.RegisterSpec.withSimpleType()Lcom/android/dx/rop/code/RegisterSpec; @ 21
Event: 9.404 Thread 0x0000000001edd800 Uncommon trap: reason=class_check action=maybe_recompile pc=0x000000000f5af150 method=com.android.dx.rop.code.RegisterSpec.withSimpleType()Lcom/android/dx/rop/code/RegisterSpec; @ 21

Internal exceptions (10 events):
Event: 5.064 Thread 0x0000000001edd800 Exception <a 'java/security/PrivilegedActionException'> (0x00000000eb3698a0) thrown at [C:\workspace\8-2-build-windows-amd64-cygwin\jdk8u31\2394\hotspot\src\share\vm\prims\jvm.cpp, line 1312]
Event: 6.069 Thread 0x0000000001edd800 Exception <a 'java/security/PrivilegedActionException'> (0x00000000eb798900) thrown at [C:\workspace\8-2-build-windows-amd64-cygwin\jdk8u31\2394\hotspot\src\share\vm\prims\jvm.cpp, line 1312]
Event: 6.178 Thread 0x0000000001edd800 Exception <a 'java/security/PrivilegedActionException'> (0x00000000eb7d3330) thrown at [C:\workspace\8-2-build-windows-amd64-cygwin\jdk8u31\2394\hotspot\src\share\vm\prims\jvm.cpp, line 1312]
Event: 6.387 Thread 0x0000000001edd800 Exception <a 'java/security/PrivilegedActionException'> (0x00000000eabfbc68) thrown at [C:\workspace\8-2-build-windows-amd64-cygwin\jdk8u31\2394\hotspot\src\share\vm\prims\jvm.cpp, line 1312]
Event: 6.515 Thread 0x0000000001edd800 Exception <a 'java/security/PrivilegedActionException'> (0x00000000eaff2b58) thrown at [C:\workspace\8-2-build-windows-amd64-cygwin\jdk8u31\2394\hotspot\src\share\vm\prims\jvm.cpp, line 1312]
Event: 6.516 Thread 0x0000000001edd800 Exception <a 'java/security/PrivilegedActionException'> (0x00000000eaff4fa0) thrown at [C:\workspace\8-2-build-windows-amd64-cygwin\jdk8u31\2394\hotspot\src\share\vm\prims\jvm.cpp, line 1312]
Event: 7.603 Thread 0x0000000001edd800 Exception <a 'java/security/PrivilegedActionException'> (0x00000000eafff1d0) thrown at [C:\workspace\8-2-build-windows-amd64-cygwin\jdk8u31\2394\hotspot\src\share\vm\prims\jvm.cpp, line 1312]
Event: 7.603 Thread 0x0000000001edd800 Exception <a 'java/security/PrivilegedActionException'> (0x00000000eb001868) thrown at [C:\workspace\8-2-build-windows-amd64-cygwin\jdk8u31\2394\hotspot\src\share\vm\prims\jvm.cpp, line 1312]
Event: 8.265 Thread 0x0000000001edd800 Implicit null exception at 0x000000000f41bd86 to 0x000000000f41d0d5
Event: 9.065 Thread 0x0000000001edd800 Exception <a 'java/security/PrivilegedActionException'> (0x00000000eb08a000) thrown at [C:\workspace\8-2-build-windows-amd64-cygwin\jdk8u31\2394\hotspot\src\share\vm\prims\jvm.cpp, line 1312]

Events (10 events):
Event: 9.043 Thread 0x0000000001edd800 DEOPT PACKING pc=0x000000000f5af150 sp=0x000000000205e9d0
Event: 9.043 Thread 0x0000000001edd800 DEOPT UNPACKING pc=0x000000000f05556a sp=0x000000000205e918 mode 2
Event: 9.065 loading class com/android/dx/cf/attrib/AttExceptions
Event: 9.065 loading class com/android/dx/cf/attrib/AttExceptions done
Event: 9.371 Thread 0x0000000001edd800 Uncommon trap: trap_request=0xffffffde fr.pc=0x000000000f5af150
Event: 9.371 Thread 0x0000000001edd800 DEOPT PACKING pc=0x000000000f5af150 sp=0x000000000205e9d0
Event: 9.371 Thread 0x0000000001edd800 DEOPT UNPACKING pc=0x000000000f05556a sp=0x000000000205e918 mode 2
Event: 9.404 Thread 0x0000000001edd800 Uncommon trap: trap_request=0xffffffde fr.pc=0x000000000f5af150
Event: 9.404 Thread 0x0000000001edd800 DEOPT PACKING pc=0x000000000f5af150 sp=0x000000000205e9d0
Event: 9.404 Thread 0x0000000001edd800 DEOPT UNPACKING pc=0x000000000f05556a sp=0x000000000205e918 mode 2


Dynamic libraries:
0x00007ff6a75e0000 - 0x00007ff6a7614000 	C:\Program Files\Java\jdk1.8.0_31\bin\java.exe
0x00007ffba0a00000 - 0x00007ffba0bac000 	C:\WINDOWS\SYSTEM32\ntdll.dll
0x00007ffb9fdc0000 - 0x00007ffb9fefe000 	C:\WINDOWS\system32\KERNEL32.DLL
0x00007ffb9dc20000 - 0x00007ffb9dd35000 	C:\WINDOWS\system32\KERNELBASE.dll
0x00007ffb9c5e0000 - 0x00007ffb9c66e000 	C:\WINDOWS\system32\apphelp.dll
0x00007ffb960c0000 - 0x00007ffb96113000 	C:\WINDOWS\AppPatch\AppPatch64\AcGenral.DLL
0x00007ffba03c0000 - 0x00007ffba046a000 	C:\WINDOWS\system32\msvcrt.dll
0x00007ffb9d8f0000 - 0x00007ffb9d91e000 	C:\WINDOWS\SYSTEM32\SspiCli.dll
0x00007ffb9ff00000 - 0x00007ffb9ff54000 	C:\WINDOWS\system32\SHLWAPI.dll
0x00007ffb9e720000 - 0x00007ffb9e897000 	C:\WINDOWS\system32\USER32.dll
0x00007ffb9e220000 - 0x00007ffb9e3b4000 	C:\WINDOWS\system32\ole32.dll
0x00007ffb9e8a0000 - 0x00007ffb9fdb8000 	C:\WINDOWS\system32\SHELL32.dll
0x00007ffb9d0c0000 - 0x00007ffb9d0e1000 	C:\WINDOWS\SYSTEM32\USERENV.dll
0x00007ffba08f0000 - 0x00007ffba099a000 	C:\WINDOWS\system32\ADVAPI32.dll
0x00007ffb90340000 - 0x00007ffb9035e000 	C:\WINDOWS\SYSTEM32\MPR.dll
0x00007ffba0470000 - 0x00007ffba05b1000 	C:\WINDOWS\system32\RPCRT4.dll
0x00007ffba05c0000 - 0x00007ffba0619000 	C:\WINDOWS\SYSTEM32\sechost.dll
0x00007ffb9ff80000 - 0x00007ffba0191000 	C:\WINDOWS\SYSTEM32\combase.dll
0x00007ffba0780000 - 0x00007ffba08d1000 	C:\WINDOWS\system32\GDI32.dll
0x00007ffb9db50000 - 0x00007ffb9db65000 	C:\WINDOWS\SYSTEM32\profapi.dll
0x00007ffb9c670000 - 0x00007ffb9c722000 	C:\WINDOWS\SYSTEM32\SHCORE.dll
0x00007ffb9e1d0000 - 0x00007ffb9e206000 	C:\WINDOWS\system32\IMM32.DLL
0x00007ffba0620000 - 0x00007ffba0772000 	C:\WINDOWS\system32\MSCTF.dll
0x00007ffb9db10000 - 0x00007ffb9db3f000 	C:\Windows\system32\nvinitx.dll
0x000000000f000000 - 0x000000000f006000 	C:\Program Files\NVIDIA Corporation\CoProcManager\detoured.dll
0x00007ffb9c380000 - 0x00007ffb9c3df000 	C:\Program Files\NVIDIA Corporation\CoProcManager\nvd3d9wrapx.dll
0x00007ffb9e3c0000 - 0x00007ffb9e59a000 	C:\WINDOWS\system32\SETUPAPI.dll
0x00007ffb9de50000 - 0x00007ffb9de9f000 	C:\WINDOWS\system32\CFGMGR32.dll
0x00007ffb9c300000 - 0x00007ffb9c346000 	C:\Program Files\NVIDIA Corporation\CoProcManager\nvdxgiwrapx.dll
0x00007ffb9b7b0000 - 0x00007ffb9ba2b000 	C:\WINDOWS\WinSxS\amd64_microsoft.windows.common-controls_6595b64144ccf1df_6.0.9600.17784_none_624760d1ecb7236e\COMCTL32.dll
0x0000000064bc0000 - 0x0000000064c92000 	C:\Program Files\Java\jdk1.8.0_31\jre\bin\msvcr100.dll
0x0000000065030000 - 0x000000006588a000 	C:\Program Files\Java\jdk1.8.0_31\jre\bin\server\jvm.dll
0x00007ffb83f80000 - 0x00007ffb83f89000 	C:\WINDOWS\SYSTEM32\WSOCK32.dll
0x00007ffb9bc90000 - 0x00007ffb9bcb2000 	C:\WINDOWS\SYSTEM32\WINMM.dll
0x00007ffb9ff70000 - 0x00007ffb9ff77000 	C:\WINDOWS\system32\PSAPI.DLL
0x00007ffb9e080000 - 0x00007ffb9e0da000 	C:\WINDOWS\system32\WS2_32.dll
0x00007ffb9b5c0000 - 0x00007ffb9b5ea000 	C:\WINDOWS\SYSTEM32\WINMMBASE.dll
0x00007ffb9e210000 - 0x00007ffb9e219000 	C:\WINDOWS\system32\NSI.dll
0x00007ffb9c910000 - 0x00007ffb9c938000 	C:\WINDOWS\SYSTEM32\DEVOBJ.dll
0x0000000068c20000 - 0x0000000068c2f000 	C:\Program Files\Java\jdk1.8.0_31\jre\bin\verify.dll
0x0000000065000000 - 0x0000000065028000 	C:\Program Files\Java\jdk1.8.0_31\jre\bin\java.dll
0x0000000064fe0000 - 0x0000000064ff6000 	C:\Program Files\Java\jdk1.8.0_31\jre\bin\zip.dll
0x00007ffb99bd0000 - 0x00007ffb99d59000 	C:\WINDOWS\SYSTEM32\dbghelp.dll

VM Arguments:
jvm_args: -Xmx1024M -Dfile.encoding=windows-1252 -Duser.country=US -Duser.language=en -Duser.variant 
java_command: com.android.dx.command.Main --dex --output C:\Users\Phung Minh Hoang\AndroidStudioProjects\dic\app\build\intermediates\pre-dexed\debug\support-v4-19.1.0-a2b890284eb03d67765f8c69ef0fe3273b08edaa.jar C:\Users\Phung Minh Hoang\AppData\Local\Android\sdk\extras\android\m2repository\com\android\support\support-v4\19.1.0\support-v4-19.1.0.jar
java_class_path (initial): C:\Users\Phung Minh Hoang\AppData\Local\Android\sdk\build-tools\21.1.2\lib\dx.jar
Launcher Type: SUN_STANDARD

Environment Variables:
JAVA_HOME=C:\Program Files\Java\jdk1.8.0_31
PATH=C:\ProgramData\Oracle\Java\javapath;C:\Python27\Scripts;C:\Python27;C:\Program Files\Dell\DW WLAN Card;C:\WINDOWS\system32;C:\WINDOWS;C:\WINDOWS\System32\Wbem;C:\WINDOWS\System32\WindowsPowerShell\v1.0\;C:\Program Files\Microsoft\Web Platform Installer\;C:\Program Files (x86)\Microsoft ASP.NET\ASP.NET Web Pages\v1.0\;C:\Program Files (x86)\Windows Kits\8.0\Windows Performance Toolkit\;C:\Program Files\Microsoft SQL Server\110\Tools\Binn\;C:\Program Files\Microsoft SQL Server\110\DTS\Binn\;C:\Program Files (x86)\Microsoft SQL Server\110\Tools\Binn\;C:\Program Files (x86)\Microsoft SQL Server\110\Tools\Binn\ManagementStudio\;C:\Program Files (x86)\Microsoft Visual Studio 10.0\Common7\IDE\PrivateAssemblies\;C:\Program Files (x86)\Microsoft SQL Server\110\DTS\Binn\;C:\Program Files\Java\jdk1.8.0_31\bin\
USERNAME=Phung Minh Hoang
OS=Windows_NT
PROCESSOR_IDENTIFIER=Intel64 Family 6 Model 58 Stepping 9, GenuineIntel



---------------  S Y S T E M  ---------------

OS: Windows 8.1 , 64 bit Build 9600 

CPU:total 4 (2 cores per cpu, 2 threads per core) family 6 model 58 stepping 9, cmov, cx8, fxsr, mmx, sse, sse2, sse3, ssse3, sse4.1, sse4.2, popcnt, avx, clmul, erms, ht, tsc, tscinvbit, tscinv

Memory: 4k page, physical 4047364k(184132k free), swap 7193092k(2664k free)

vm_info: Java HotSpot(TM) 64-Bit Server VM (25.31-b07) for windows-amd64 JRE (1.8.0_31-b13), built on Dec 17 2014 21:00:28 by "java_re" with MS VC++ 10.0 (VS2010)

time: Thu May 21 08:33:54 2015
elapsed time: 34 seconds (0d 0h 0m 34s)

