#
# There is insufficient memory for the Java Runtime Environment to continue.
# Native memory allocation (malloc) failed to allocate 1311376 bytes for Chunk::new
# Possible reasons:
#   The system is out of physical RAM or swap space
#   In 32 bit mode, the process size limit was hit
# Possible solutions:
#   Reduce memory load on the system
#   Increase physical memory or swap space
#   Check if swap backing store is full
#   Use 64 bit Java on a 64 bit OS
#   Decrease Java heap size (-Xmx/-Xms)
#   Decrease number of Java threads
#   Decrease Java thread stack sizes (-Xss)
#   Set larger code cache with -XX:ReservedCodeCacheSize=
# This output file may be truncated or incomplete.
#
#  Out of Memory Error (allocation.cpp:390), pid=2040, tid=1360
#
# JRE version: Java(TM) SE Runtime Environment (8.0_31-b13) (build 1.8.0_31-b13)
# Java VM: Java HotSpot(TM) 64-Bit Server VM (25.31-b07 mixed mode windows-amd64 compressed oops)
# Failed to write core dump. Minidumps are not enabled by default on client versions of Windows
#

---------------  T H R E A D  ---------------

Current thread (0x000000000615d000):  JavaThread "C2 CompilerThread0" daemon [_thread_in_native, id=1360, stack(0x00000000076d0000,0x00000000077d0000)]

Stack: [0x00000000076d0000,0x00000000077d0000]
Native frames: (J=compiled Java code, j=interpreted, Vv=VM code, C=native code)
V  [jvm.dll+0x3169ba]
V  [jvm.dll+0x2674c3]
V  [jvm.dll+0x268103]
V  [jvm.dll+0x25f8f5]
V  [jvm.dll+0xbf025]
V  [jvm.dll+0xbf4cc]
V  [jvm.dll+0x45df82]
V  [jvm.dll+0x49f21f]
V  [jvm.dll+0x452daf]
V  [jvm.dll+0x454124]
V  [jvm.dll+0x437c62]
V  [jvm.dll+0x988e2]
V  [jvm.dll+0x990d3]
V  [jvm.dll+0x22c194]
V  [jvm.dll+0x28576a]
C  [msvcr100.dll+0x21d9f]
C  [msvcr100.dll+0x21e3b]
C  [KERNEL32.DLL+0x13d2]
C  [ntdll.dll+0x15444]


Current CompileTask:
C2:  33153 1509   !   4       com.android.dx.cf.code.Ropper::processBlock (1101 bytes)


---------------  P R O C E S S  ---------------

Java Threads: ( => current thread )
  0x00000000079f4800 JavaThread "Service Thread" daemon [_thread_blocked, id=1304, stack(0x0000000007dd0000,0x0000000007ed0000)]
  0x0000000006166800 JavaThread "C1 CompilerThread2" daemon [_thread_blocked, id=4960, stack(0x00000000078d0000,0x00000000079d0000)]
  0x0000000006160000 JavaThread "C2 CompilerThread1" daemon [_thread_in_native, id=924, stack(0x00000000077d0000,0x00000000078d0000)]
=>0x000000000615d000 JavaThread "C2 CompilerThread0" daemon [_thread_in_native, id=1360, stack(0x00000000076d0000,0x00000000077d0000)]
  0x000000000615c000 JavaThread "Attach Listener" daemon [_thread_blocked, id=7552, stack(0x00000000075d0000,0x00000000076d0000)]
  0x000000000615a800 JavaThread "Signal Dispatcher" daemon [_thread_blocked, id=6184, stack(0x00000000074d0000,0x00000000075d0000)]
  0x0000000002a86800 JavaThread "Finalizer" daemon [_thread_blocked, id=1020, stack(0x00000000073d0000,0x00000000074d0000)]
  0x0000000002a7e800 JavaThread "Reference Handler" daemon [_thread_blocked, id=1552, stack(0x00000000072d0000,0x00000000073d0000)]
  0x00000000027cd800 JavaThread "main" [_thread_blocked, id=4396, stack(0x0000000002890000,0x0000000002990000)]

Other Threads:
  0x0000000006126000 VMThread [stack: 0x00000000071d0000,0x00000000072d0000] [id=3276]
  0x00000000079fa800 WatcherThread [stack: 0x0000000007ed0000,0x0000000007fd0000] [id=4060]

VM state:at safepoint (normal execution)

VM Mutex/Monitor currently owned by a thread:  ([mutex/lock_event])
[0x00000000027ccaf0] Threads_lock - owner thread: 0x0000000006126000
[0x00000000027cc1f0] Heap_lock - owner thread: 0x00000000027cd800

Heap:
 PSYoungGen      total 18432K, used 2168K [0x00000000eab00000, 0x00000000ebf80000, 0x0000000100000000)
  eden space 15872K, 0% used [0x00000000eab00000,0x00000000eab00000,0x00000000eba80000)
  from space 2560K, 84% used [0x00000000ebd00000,0x00000000ebf1e360,0x00000000ebf80000)
  to   space 2560K, 0% used [0x00000000eba80000,0x00000000eba80000,0x00000000ebd00000)
 ParOldGen       total 42496K, used 39610K [0x00000000c0000000, 0x00000000c2980000, 0x00000000eab00000)
  object space 42496K, 93% used [0x00000000c0000000,0x00000000c26ae818,0x00000000c2980000)
 Metaspace       used 5871K, capacity 7088K, committed 7296K, reserved 1056768K
  class space    used 553K, capacity 616K, committed 640K, reserved 1048576K

Card table byte_map: [0x0000000002e50000,0x0000000003060000] byte_map_base: 0x0000000002850000

Marking Bits: (ParMarkBitMap*) 0x000000006580d4f0
 Begin Bits: [0x00000000035c0000, 0x00000000045c0000)
 End Bits:   [0x00000000045c0000, 0x00000000055c0000)

Polling page: 0x0000000002740000

CodeCache: size=245760Kb used=6987Kb max_used=6987Kb free=238772Kb
 bounds [0x000000000f010000, 0x000000000f6f0000, 0x000000001e010000]
 total_blobs=1925 nmethods=1664 adapters=174
 compilation: disabled (not enough contiguous free space left)

Compilation events (10 events):
Event: 9.628 Thread 0x0000000006166800 1536   !   3       com.android.dx.cf.cst.ConstantPoolParser::parse0 (731 bytes)
Event: 9.636 Thread 0x0000000006166800 nmethod 1536 0x000000000f681250 code [0x000000000f681ba0, 0x000000000f687ef8]
Event: 9.638 Thread 0x0000000006166800 1537       1       com.android.dx.cf.direct.AttributeListParser::setObserver (6 bytes)
Event: 9.638 Thread 0x0000000006166800 nmethod 1537 0x000000000f68dcd0 code [0x000000000f68de20, 0x000000000f68df50]
Event: 9.639 Thread 0x0000000006166800 1538       3       com.android.dx.rop.cst.CstArray$List::set (7 bytes)
Event: 9.640 Thread 0x0000000006166800 nmethod 1538 0x000000000f68dfd0 code [0x000000000f68e1a0, 0x000000000f68e948]
Event: 9.640 Thread 0x0000000006166800 1539       3       java.util.Collections::unmodifiableCollection (9 bytes)
Event: 9.640 Thread 0x0000000006166800 nmethod 1539 0x000000000f68ee50 code [0x000000000f68efc0, 0x000000000f68f2e8]
Event: 9.641 Thread 0x0000000006166800 1540       1       com.android.dx.rop.cst.CstKnownNull::getType (4 bytes)
Event: 9.641 Thread 0x0000000006166800 nmethod 1540 0x000000000f68f450 code [0x000000000f68f5a0, 0x000000000f68f6b0]

GC Heap History (6 events):
Event: 6.297 GC heap before
{Heap before GC invocations=1 (full 0):
 PSYoungGen      total 18432K, used 15872K [0x00000000eab00000, 0x00000000ebf80000, 0x0000000100000000)
  eden space 15872K, 100% used [0x00000000eab00000,0x00000000eba80000,0x00000000eba80000)
  from space 2560K, 0% used [0x00000000ebd00000,0x00000000ebd00000,0x00000000ebf80000)
  to   space 2560K, 0% used [0x00000000eba80000,0x00000000eba80000,0x00000000ebd00000)
 ParOldGen       total 42496K, used 0K [0x00000000c0000000, 0x00000000c2980000, 0x00000000eab00000)
  object space 42496K, 0% used [0x00000000c0000000,0x00000000c0000000,0x00000000c2980000)
 Metaspace       used 5522K, capacity 6768K, committed 7040K, reserved 1056768K
  class space    used 549K, capacity 616K, committed 640K, reserved 1048576K
Event: 6.309 GC heap after
Heap after GC invocations=1 (full 0):
 PSYoungGen      total 18432K, used 2551K [0x00000000eab00000, 0x00000000ebf80000, 0x0000000100000000)
  eden space 15872K, 0% used [0x00000000eab00000,0x00000000eab00000,0x00000000eba80000)
  from space 2560K, 99% used [0x00000000eba80000,0x00000000ebcfdc78,0x00000000ebd00000)
  to   space 2560K, 0% used [0x00000000ebd00000,0x00000000ebd00000,0x00000000ebf80000)
 ParOldGen       total 42496K, used 1594K [0x00000000c0000000, 0x00000000c2980000, 0x00000000eab00000)
  object space 42496K, 3% used [0x00000000c0000000,0x00000000c018eac0,0x00000000c2980000)
 Metaspace       used 5522K, capacity 6768K, committed 7040K, reserved 1056768K
  class space    used 549K, capacity 616K, committed 640K, reserved 1048576K
}
Event: 8.415 GC heap before
{Heap before GC invocations=2 (full 0):
 PSYoungGen      total 18432K, used 18423K [0x00000000eab00000, 0x00000000ebf80000, 0x0000000100000000)
  eden space 15872K, 100% used [0x00000000eab00000,0x00000000eba80000,0x00000000eba80000)
  from space 2560K, 99% used [0x00000000eba80000,0x00000000ebcfdc78,0x00000000ebd00000)
  to   space 2560K, 0% used [0x00000000ebd00000,0x00000000ebd00000,0x00000000ebf80000)
 ParOldGen       total 42496K, used 1594K [0x00000000c0000000, 0x00000000c2980000, 0x00000000eab00000)
  object space 42496K, 3% used [0x00000000c0000000,0x00000000c018eac0,0x00000000c2980000)
 Metaspace       used 5733K, capacity 6960K, committed 7040K, reserved 1056768K
  class space    used 552K, capacity 616K, committed 640K, reserved 1048576K
Event: 8.424 GC heap after
Heap after GC invocations=2 (full 0):
 PSYoungGen      total 18432K, used 2545K [0x00000000eab00000, 0x00000000ebf80000, 0x0000000100000000)
  eden space 15872K, 0% used [0x00000000eab00000,0x00000000eab00000,0x00000000eba80000)
  from space 2560K, 99% used [0x00000000ebd00000,0x00000000ebf7c548,0x00000000ebf80000)
  to   space 2560K, 0% used [0x00000000eba80000,0x00000000eba80000,0x00000000ebd00000)
 ParOldGen       total 42496K, used 4294K [0x00000000c0000000, 0x00000000c2980000, 0x00000000eab00000)
  object space 42496K, 10% used [0x00000000c0000000,0x00000000c0431b90,0x00000000c2980000)
 Metaspace       used 5733K, capacity 6960K, committed 7040K, reserved 1056768K
  class space    used 552K, capacity 616K, committed 640K, reserved 1048576K
}
Event: 9.448 GC heap before
{Heap before GC invocations=3 (full 0):
 PSYoungGen      total 18432K, used 18417K [0x00000000eab00000, 0x00000000ebf80000, 0x0000000100000000)
  eden space 15872K, 100% used [0x00000000eab00000,0x00000000eba80000,0x00000000eba80000)
  from space 2560K, 99% used [0x00000000ebd00000,0x00000000ebf7c548,0x00000000ebf80000)
  to   space 2560K, 0% used [0x00000000eba80000,0x00000000eba80000,0x00000000ebd00000)
 ParOldGen       total 42496K, used 4294K [0x00000000c0000000, 0x00000000c2980000, 0x00000000eab00000)
  object space 42496K, 10% used [0x00000000c0000000,0x00000000c0431b90,0x00000000c2980000)
 Metaspace       used 5763K, capacity 7024K, committed 7296K, reserved 1056768K
  class space    used 553K, capacity 616K, committed 640K, reserved 1048576K
Event: 9.462 GC heap after
Heap after GC invocations=3 (full 0):
 PSYoungGen      total 18432K, used 2547K [0x00000000eab00000, 0x00000000ebf80000, 0x0000000100000000)
  eden space 15872K, 0% used [0x00000000eab00000,0x00000000eab00000,0x00000000eba80000)
  from space 2560K, 99% used [0x00000000eba80000,0x00000000ebcfcd48,0x00000000ebd00000)
  to   space 2560K, 0% used [0x00000000ebd00000,0x00000000ebd00000,0x00000000ebf80000)
 ParOldGen       total 42496K, used 6845K [0x00000000c0000000, 0x00000000c2980000, 0x00000000eab00000)
  object space 42496K, 16% used [0x00000000c0000000,0x00000000c06af750,0x00000000c2980000)
 Metaspace       used 5763K, capacity 7024K, committed 7296K, reserved 1056768K
  class space    used 553K, capacity 616K, committed 640K, reserved 1048576K
}

Deoptimization events (10 events):
Event: 7.909 Thread 0x00000000027cd800 Uncommon trap: reason=class_check action=maybe_recompile pc=0x000000000f4b2d7c method=java.util.HashMap.putVal(ILjava/lang/Object;Ljava/lang/Object;ZZ)Ljava/lang/Object; @ 203
Event: 7.909 Thread 0x00000000027cd800 Uncommon trap: reason=bimorphic action=maybe_recompile pc=0x000000000f2520d0 method=java.util.HashMap.getNode(ILjava/lang/Object;)Ljava/util/HashMap$Node; @ 126
Event: 8.245 Thread 0x00000000027cd800 Uncommon trap: reason=null_check action=make_not_entrant pc=0x000000000f40e248 method=com.android.dx.ssa.SsaRenamer.getLocalForNewReg(I)Lcom/android/dx/rop/code/LocalItem; @ 19
Event: 8.251 Thread 0x00000000027cd800 Uncommon trap: reason=bimorphic action=maybe_recompile pc=0x000000000f4b2dbc method=java.util.HashMap.putVal(ILjava/lang/Object;Ljava/lang/Object;ZZ)Ljava/lang/Object; @ 91
Event: 8.251 Thread 0x00000000027cd800 Uncommon trap: reason=bimorphic action=maybe_recompile pc=0x000000000f4b2dbc method=java.util.HashMap.putVal(ILjava/lang/Object;Ljava/lang/Object;ZZ)Ljava/lang/Object; @ 91
Event: 8.817 Thread 0x00000000027cd800 Uncommon trap: reason=class_check action=maybe_recompile pc=0x000000000f5766d0 method=com.android.dx.rop.code.RegisterSpec.withSimpleType()Lcom/android/dx/rop/code/RegisterSpec; @ 21
Event: 8.817 Thread 0x00000000027cd800 Uncommon trap: reason=class_check action=maybe_recompile pc=0x000000000f5766d0 method=com.android.dx.rop.code.RegisterSpec.withSimpleType()Lcom/android/dx/rop/code/RegisterSpec; @ 21
Event: 9.293 Thread 0x00000000027cd800 Uncommon trap: reason=class_check action=maybe_recompile pc=0x000000000f5766d0 method=com.android.dx.rop.code.RegisterSpec.withSimpleType()Lcom/android/dx/rop/code/RegisterSpec; @ 21
Event: 9.293 Thread 0x00000000027cd800 Uncommon trap: reason=class_check action=maybe_recompile pc=0x000000000f5766d0 method=com.android.dx.rop.code.RegisterSpec.withSimpleType()Lcom/android/dx/rop/code/RegisterSpec; @ 21
Event: 9.628 Thread 0x00000000027cd800 Uncommon trap: reason=unloaded action=reinterpret pc=0x000000000f59bc2c method=com.android.dx.cf.cst.ConstantPoolParser.parse0(ILjava/util/BitSet;)Lcom/android/dx/rop/cst/Constant; @ 198

Internal exceptions (10 events):
Event: 5.077 Thread 0x00000000027cd800 Exception <a 'java/security/PrivilegedActionException'> (0x00000000eb369870) thrown at [C:\workspace\8-2-build-windows-amd64-cygwin\jdk8u31\2394\hotspot\src\share\vm\prims\jvm.cpp, line 1312]
Event: 5.986 Thread 0x00000000027cd800 Exception <a 'java/security/PrivilegedActionException'> (0x00000000eb798520) thrown at [C:\workspace\8-2-build-windows-amd64-cygwin\jdk8u31\2394\hotspot\src\share\vm\prims\jvm.cpp, line 1312]
Event: 5.995 Thread 0x00000000027cd800 Exception <a 'java/security/PrivilegedActionException'> (0x00000000eb7d3080) thrown at [C:\workspace\8-2-build-windows-amd64-cygwin\jdk8u31\2394\hotspot\src\share\vm\prims\jvm.cpp, line 1312]
Event: 6.365 Thread 0x00000000027cd800 Exception <a 'java/security/PrivilegedActionException'> (0x00000000eabfb9d8) thrown at [C:\workspace\8-2-build-windows-amd64-cygwin\jdk8u31\2394\hotspot\src\share\vm\prims\jvm.cpp, line 1312]
Event: 6.536 Thread 0x00000000027cd800 Exception <a 'java/security/PrivilegedActionException'> (0x00000000eaff2870) thrown at [C:\workspace\8-2-build-windows-amd64-cygwin\jdk8u31\2394\hotspot\src\share\vm\prims\jvm.cpp, line 1312]
Event: 6.537 Thread 0x00000000027cd800 Exception <a 'java/security/PrivilegedActionException'> (0x00000000eaff4cb8) thrown at [C:\workspace\8-2-build-windows-amd64-cygwin\jdk8u31\2394\hotspot\src\share\vm\prims\jvm.cpp, line 1312]
Event: 7.603 Thread 0x00000000027cd800 Exception <a 'java/security/PrivilegedActionException'> (0x00000000eaffeee8) thrown at [C:\workspace\8-2-build-windows-amd64-cygwin\jdk8u31\2394\hotspot\src\share\vm\prims\jvm.cpp, line 1312]
Event: 7.603 Thread 0x00000000027cd800 Exception <a 'java/security/PrivilegedActionException'> (0x00000000eb001580) thrown at [C:\workspace\8-2-build-windows-amd64-cygwin\jdk8u31\2394\hotspot\src\share\vm\prims\jvm.cpp, line 1312]
Event: 8.245 Thread 0x00000000027cd800 Implicit null exception at 0x000000000f40ce9b to 0x000000000f40e22d
Event: 9.103 Thread 0x00000000027cd800 Exception <a 'java/security/PrivilegedActionException'> (0x00000000eb0838e8) thrown at [C:\workspace\8-2-build-windows-amd64-cygwin\jdk8u31\2394\hotspot\src\share\vm\prims\jvm.cpp, line 1312]

Events (10 events):
Event: 9.293 Thread 0x00000000027cd800 DEOPT PACKING pc=0x000000000f5766d0 sp=0x000000000298ea50
Event: 9.293 Thread 0x00000000027cd800 DEOPT UNPACKING pc=0x000000000f05556a sp=0x000000000298e998 mode 2
Event: 9.293 Thread 0x00000000027cd800 Uncommon trap: trap_request=0xffffffde fr.pc=0x000000000f5766d0
Event: 9.293 Thread 0x00000000027cd800 DEOPT PACKING pc=0x000000000f5766d0 sp=0x000000000298ea50
Event: 9.293 Thread 0x00000000027cd800 DEOPT UNPACKING pc=0x000000000f05556a sp=0x000000000298e998 mode 2
Event: 9.448 Executing VM operation: ParallelGCFailedAllocation
Event: 9.462 Executing VM operation: ParallelGCFailedAllocation done
Event: 9.628 Thread 0x00000000027cd800 Uncommon trap: trap_request=0x000000d0 fr.pc=0x000000000f59bc2c
Event: 9.628 Thread 0x00000000027cd800 DEOPT PACKING pc=0x000000000f59bc2c sp=0x000000000298ec10
Event: 9.628 Thread 0x00000000027cd800 DEOPT UNPACKING pc=0x000000000f05556a sp=0x000000000298ebc8 mode 2


Dynamic libraries:
0x00007ff6a75e0000 - 0x00007ff6a7614000 	C:\Program Files\Java\jdk1.8.0_31\bin\java.exe
0x00007ffba0a00000 - 0x00007ffba0bac000 	C:\WINDOWS\SYSTEM32\ntdll.dll
0x00007ffb9fdc0000 - 0x00007ffb9fefe000 	C:\WINDOWS\system32\KERNEL32.DLL
0x00007ffb9dc20000 - 0x00007ffb9dd35000 	C:\WINDOWS\system32\KERNELBASE.dll
0x00007ffb9c5e0000 - 0x00007ffb9c66e000 	C:\WINDOWS\system32\apphelp.dll
0x00007ffb960c0000 - 0x00007ffb96113000 	C:\WINDOWS\AppPatch\AppPatch64\AcGenral.DLL
0x00007ffba03c0000 - 0x00007ffba046a000 	C:\WINDOWS\system32\msvcrt.dll
0x00007ffb9d8f0000 - 0x00007ffb9d91e000 	C:\WINDOWS\SYSTEM32\SspiCli.dll
0x00007ffb9ff00000 - 0x00007ffb9ff54000 	C:\WINDOWS\system32\SHLWAPI.dll
0x00007ffb9e720000 - 0x00007ffb9e897000 	C:\WINDOWS\system32\USER32.dll
0x00007ffb9e220000 - 0x00007ffb9e3b4000 	C:\WINDOWS\system32\ole32.dll
0x00007ffb9e8a0000 - 0x00007ffb9fdb8000 	C:\WINDOWS\system32\SHELL32.dll
0x00007ffb9d0c0000 - 0x00007ffb9d0e1000 	C:\WINDOWS\SYSTEM32\USERENV.dll
0x00007ffba08f0000 - 0x00007ffba099a000 	C:\WINDOWS\system32\ADVAPI32.dll
0x00007ffb90340000 - 0x00007ffb9035e000 	C:\WINDOWS\SYSTEM32\MPR.dll
0x00007ffba0470000 - 0x00007ffba05b1000 	C:\WINDOWS\system32\RPCRT4.dll
0x00007ffba05c0000 - 0x00007ffba0619000 	C:\WINDOWS\SYSTEM32\sechost.dll
0x00007ffb9ff80000 - 0x00007ffba0191000 	C:\WINDOWS\SYSTEM32\combase.dll
0x00007ffba0780000 - 0x00007ffba08d1000 	C:\WINDOWS\system32\GDI32.dll
0x00007ffb9db50000 - 0x00007ffb9db65000 	C:\WINDOWS\SYSTEM32\profapi.dll
0x00007ffb9c670000 - 0x00007ffb9c722000 	C:\WINDOWS\SYSTEM32\SHCORE.dll
0x00007ffb9e1d0000 - 0x00007ffb9e206000 	C:\WINDOWS\system32\IMM32.DLL
0x00007ffba0620000 - 0x00007ffba0772000 	C:\WINDOWS\system32\MSCTF.dll
0x00007ffb9db10000 - 0x00007ffb9db3f000 	C:\Windows\system32\nvinitx.dll
0x000000000f000000 - 0x000000000f006000 	C:\Program Files\NVIDIA Corporation\CoProcManager\detoured.dll
0x00007ffb9c380000 - 0x00007ffb9c3df000 	C:\Program Files\NVIDIA Corporation\CoProcManager\nvd3d9wrapx.dll
0x00007ffb9e3c0000 - 0x00007ffb9e59a000 	C:\WINDOWS\system32\SETUPAPI.dll
0x00007ffb9de50000 - 0x00007ffb9de9f000 	C:\WINDOWS\system32\CFGMGR32.dll
0x00007ffb9c300000 - 0x00007ffb9c346000 	C:\Program Files\NVIDIA Corporation\CoProcManager\nvdxgiwrapx.dll
0x00007ffb9b7b0000 - 0x00007ffb9ba2b000 	C:\WINDOWS\WinSxS\amd64_microsoft.windows.common-controls_6595b64144ccf1df_6.0.9600.17784_none_624760d1ecb7236e\COMCTL32.dll
0x0000000064bc0000 - 0x0000000064c92000 	C:\Program Files\Java\jdk1.8.0_31\jre\bin\msvcr100.dll
0x0000000065030000 - 0x000000006588a000 	C:\Program Files\Java\jdk1.8.0_31\jre\bin\server\jvm.dll
0x00007ffb83f80000 - 0x00007ffb83f89000 	C:\WINDOWS\SYSTEM32\WSOCK32.dll
0x00007ffb9bc90000 - 0x00007ffb9bcb2000 	C:\WINDOWS\SYSTEM32\WINMM.dll
0x00007ffb9ff70000 - 0x00007ffb9ff77000 	C:\WINDOWS\system32\PSAPI.DLL
0x00007ffb9e080000 - 0x00007ffb9e0da000 	C:\WINDOWS\system32\WS2_32.dll
0x00007ffb9b5c0000 - 0x00007ffb9b5ea000 	C:\WINDOWS\SYSTEM32\WINMMBASE.dll
0x00007ffb9e210000 - 0x00007ffb9e219000 	C:\WINDOWS\system32\NSI.dll
0x00007ffb9c910000 - 0x00007ffb9c938000 	C:\WINDOWS\SYSTEM32\DEVOBJ.dll
0x0000000068c20000 - 0x0000000068c2f000 	C:\Program Files\Java\jdk1.8.0_31\jre\bin\verify.dll
0x0000000065000000 - 0x0000000065028000 	C:\Program Files\Java\jdk1.8.0_31\jre\bin\java.dll
0x0000000064fe0000 - 0x0000000064ff6000 	C:\Program Files\Java\jdk1.8.0_31\jre\bin\zip.dll
0x00007ffb99bd0000 - 0x00007ffb99d59000 	C:\WINDOWS\SYSTEM32\dbghelp.dll

VM Arguments:
jvm_args: -Xmx1024M -Dfile.encoding=windows-1252 -Duser.country=US -Duser.language=en -Duser.variant 
java_command: com.android.dx.command.Main --dex --output C:\Users\Phung Minh Hoang\AndroidStudioProjects\dic\app\build\intermediates\pre-dexed\debug\support-v4-19.1.0-a2b890284eb03d67765f8c69ef0fe3273b08edaa.jar C:\Users\Phung Minh Hoang\AppData\Local\Android\sdk\extras\android\m2repository\com\android\support\support-v4\19.1.0\support-v4-19.1.0.jar
java_class_path (initial): C:\Users\Phung Minh Hoang\AppData\Local\Android\sdk\build-tools\21.1.2\lib\dx.jar
Launcher Type: SUN_STANDARD

Environment Variables:
JAVA_HOME=C:\Program Files\Java\jdk1.8.0_31
PATH=C:\ProgramData\Oracle\Java\javapath;C:\Python27\Scripts;C:\Python27;C:\Program Files\Dell\DW WLAN Card;C:\WINDOWS\system32;C:\WINDOWS;C:\WINDOWS\System32\Wbem;C:\WINDOWS\System32\WindowsPowerShell\v1.0\;C:\Program Files\Microsoft\Web Platform Installer\;C:\Program Files (x86)\Microsoft ASP.NET\ASP.NET Web Pages\v1.0\;C:\Program Files (x86)\Windows Kits\8.0\Windows Performance Toolkit\;C:\Program Files\Microsoft SQL Server\110\Tools\Binn\;C:\Program Files\Microsoft SQL Server\110\DTS\Binn\;C:\Program Files (x86)\Microsoft SQL Server\110\Tools\Binn\;C:\Program Files (x86)\Microsoft SQL Server\110\Tools\Binn\ManagementStudio\;C:\Program Files (x86)\Microsoft Visual Studio 10.0\Common7\IDE\PrivateAssemblies\;C:\Program Files (x86)\Microsoft SQL Server\110\DTS\Binn\;C:\Program Files\Java\jdk1.8.0_31\bin\
USERNAME=Phung Minh Hoang
OS=Windows_NT
PROCESSOR_IDENTIFIER=Intel64 Family 6 Model 58 Stepping 9, GenuineIntel



---------------  S Y S T E M  ---------------

OS: Windows 8.1 , 64 bit Build 9600 

CPU:total 4 (2 cores per cpu, 2 threads per core) family 6 model 58 stepping 9, cmov, cx8, fxsr, mmx, sse, sse2, sse3, ssse3, sse4.1, sse4.2, popcnt, avx, clmul, erms, ht, tsc, tscinvbit, tscinv

Memory: 4k page, physical 4047364k(184116k free), swap 7193092k(2648k free)

vm_info: Java HotSpot(TM) 64-Bit Server VM (25.31-b07) for windows-amd64 JRE (1.8.0_31-b13), built on Dec 17 2014 21:00:28 by "java_re" with MS VC++ 10.0 (VS2010)

time: Thu May 21 08:33:54 2015
elapsed time: 34 seconds (0d 0h 0m 34s)

